0 info it worked if it ends with ok
1 verbose cli [ '/usr/local/bin/node',
1 verbose cli   '/usr/local/bin/npm',
1 verbose cli   'install',
1 verbose cli   '--save',
1 verbose cli   'botstrap@4' ]
2 info using npm@3.10.10
3 info using node@v7.2.1
4 silly loadCurrentTree Starting
5 silly install loadCurrentTree
6 silly install readLocalPackageData
7 silly fetchPackageMetaData botstrap@4
8 silly fetchNamedPackageData botstrap
9 silly mapToRegistry name botstrap
10 silly mapToRegistry using default registry
11 silly mapToRegistry registry https://registry.npmjs.org/
12 silly mapToRegistry data Result {
12 silly mapToRegistry   raw: 'botstrap',
12 silly mapToRegistry   scope: null,
12 silly mapToRegistry   escapedName: 'botstrap',
12 silly mapToRegistry   name: 'botstrap',
12 silly mapToRegistry   rawSpec: '',
12 silly mapToRegistry   spec: 'latest',
12 silly mapToRegistry   type: 'tag' }
13 silly mapToRegistry uri https://registry.npmjs.org/botstrap
14 verbose request uri https://registry.npmjs.org/botstrap
15 verbose request no auth needed
16 info attempt registry request try #1 at 5:24:34 PM
17 verbose request id 474180e47a3d7e85
18 http request GET https://registry.npmjs.org/botstrap
19 http 200 https://registry.npmjs.org/botstrap
20 verbose headers { server: 'nginx/1.10.1',
20 verbose headers   'content-type': 'application/json',
20 verbose headers   'last-modified': 'Wed, 16 Nov 2016 00:38:14 GMT',
20 verbose headers   etag: 'W/"582baa76-101c0"',
20 verbose headers   'content-encoding': 'gzip',
20 verbose headers   'cache-control': 'max-age=300',
20 verbose headers   'content-length': '7282',
20 verbose headers   'accept-ranges': 'bytes',
20 verbose headers   date: 'Thu, 23 Feb 2017 01:24:34 GMT',
20 verbose headers   via: '1.1 varnish',
20 verbose headers   age: '0',
20 verbose headers   connection: 'keep-alive',
20 verbose headers   'x-served-by': 'cache-sjc3623-SJC',
20 verbose headers   'x-cache': 'MISS',
20 verbose headers   'x-cache-hits': '0',
20 verbose headers   'x-timer': 'S1487813074.803247,VS0,VE53',
20 verbose headers   vary: 'Accept-Encoding' }
21 silly get cb [ 200,
21 silly get   { server: 'nginx/1.10.1',
21 silly get     'content-type': 'application/json',
21 silly get     'last-modified': 'Wed, 16 Nov 2016 00:38:14 GMT',
21 silly get     etag: 'W/"582baa76-101c0"',
21 silly get     'content-encoding': 'gzip',
21 silly get     'cache-control': 'max-age=300',
21 silly get     'content-length': '7282',
21 silly get     'accept-ranges': 'bytes',
21 silly get     date: 'Thu, 23 Feb 2017 01:24:34 GMT',
21 silly get     via: '1.1 varnish',
21 silly get     age: '0',
21 silly get     connection: 'keep-alive',
21 silly get     'x-served-by': 'cache-sjc3623-SJC',
21 silly get     'x-cache': 'MISS',
21 silly get     'x-cache-hits': '0',
21 silly get     'x-timer': 'S1487813074.803247,VS0,VE53',
21 silly get     vary: 'Accept-Encoding' } ]
22 verbose get saving botstrap to /Users/alancecil/.npm/registry.npmjs.org/botstrap/.cache.json
23 verbose correctMkdir /Users/alancecil/.npm correctMkdir not in flight; initializing
24 silly fetchPackageMetaData Error: No compatible version found: botstrap@4
24 silly fetchPackageMetaData Valid install targets:
24 silly fetchPackageMetaData 0.17.3, 0.17.2, 0.17.1, 0.17.0, 0.16.4, 0.16.3, 0.16.2, 0.16.1, 0.16.0, 0.15.4, 0.15.3, 0.15.2, 0.15.1, 0.15.0, 0.14.8, 0.14.7, 0.14.6, 0.14.5, 0.14.4, 0.14.2, 0.14.1, 0.14.0, 0.13.0, 0.12.3, 0.12.2, 0.12.1, 0.12.0, 0.11.0, 0.10.3, 0.10.1, 0.10.0, 0.9.2, 0.9.1, 0.9.0, 0.8.9, 0.8.8, 0.8.7, 0.8.6, 0.8.5, 0.8.4, 0.8.2, 0.8.1, 0.8.0, 0.7.0, 0.6.0, 0.5.1, 0.5.0, 0.4.0, 0.3.0, 0.2.1, 0.2.0, 0.1.1, 0.1.0, 0.0.1
24 silly fetchPackageMetaData
24 silly fetchPackageMetaData     at pickVersionFromRegistryDocument (/usr/local/lib/node_modules/npm/lib/fetch-package-metadata.js:178:16)
24 silly fetchPackageMetaData     at /usr/local/lib/node_modules/npm/node_modules/iferr/index.js:13:50
24 silly fetchPackageMetaData     at /usr/local/lib/node_modules/npm/lib/utils/pulse-till-done.js:20:8
24 silly fetchPackageMetaData     at saved (/usr/local/lib/node_modules/npm/lib/cache/caching-client.js:174:7)
24 silly fetchPackageMetaData     at /usr/local/lib/node_modules/npm/node_modules/graceful-fs/polyfills.js:241:18
24 silly fetchPackageMetaData     at FSReqWrap.oncomplete (fs.js:111:15)
24 silly fetchPackageMetaData  error for botstrap@4 { Error: No compatible version found: botstrap@4
24 silly fetchPackageMetaData Valid install targets:
24 silly fetchPackageMetaData 0.17.3, 0.17.2, 0.17.1, 0.17.0, 0.16.4, 0.16.3, 0.16.2, 0.16.1, 0.16.0, 0.15.4, 0.15.3, 0.15.2, 0.15.1, 0.15.0, 0.14.8, 0.14.7, 0.14.6, 0.14.5, 0.14.4, 0.14.2, 0.14.1, 0.14.0, 0.13.0, 0.12.3, 0.12.2, 0.12.1, 0.12.0, 0.11.0, 0.10.3, 0.10.1, 0.10.0, 0.9.2, 0.9.1, 0.9.0, 0.8.9, 0.8.8, 0.8.7, 0.8.6, 0.8.5, 0.8.4, 0.8.2, 0.8.1, 0.8.0, 0.7.0, 0.6.0, 0.5.1, 0.5.0, 0.4.0, 0.3.0, 0.2.1, 0.2.0, 0.1.1, 0.1.0, 0.0.1
24 silly fetchPackageMetaData
24 silly fetchPackageMetaData     at pickVersionFromRegistryDocument (/usr/local/lib/node_modules/npm/lib/fetch-package-metadata.js:178:16)
24 silly fetchPackageMetaData     at /usr/local/lib/node_modules/npm/node_modules/iferr/index.js:13:50
24 silly fetchPackageMetaData     at /usr/local/lib/node_modules/npm/lib/utils/pulse-till-done.js:20:8
24 silly fetchPackageMetaData     at saved (/usr/local/lib/node_modules/npm/lib/cache/caching-client.js:174:7)
24 silly fetchPackageMetaData     at /usr/local/lib/node_modules/npm/node_modules/graceful-fs/polyfills.js:241:18
24 silly fetchPackageMetaData     at FSReqWrap.oncomplete (fs.js:111:15) code: 'ETARGET' }
25 silly rollbackFailedOptional Starting
26 silly rollbackFailedOptional Finishing
27 silly runTopLevelLifecycles Finishing
28 silly install printInstalled
29 verbose stack Error: No compatible version found: botstrap@4
29 verbose stack Valid install targets:
29 verbose stack 0.17.3, 0.17.2, 0.17.1, 0.17.0, 0.16.4, 0.16.3, 0.16.2, 0.16.1, 0.16.0, 0.15.4, 0.15.3, 0.15.2, 0.15.1, 0.15.0, 0.14.8, 0.14.7, 0.14.6, 0.14.5, 0.14.4, 0.14.2, 0.14.1, 0.14.0, 0.13.0, 0.12.3, 0.12.2, 0.12.1, 0.12.0, 0.11.0, 0.10.3, 0.10.1, 0.10.0, 0.9.2, 0.9.1, 0.9.0, 0.8.9, 0.8.8, 0.8.7, 0.8.6, 0.8.5, 0.8.4, 0.8.2, 0.8.1, 0.8.0, 0.7.0, 0.6.0, 0.5.1, 0.5.0, 0.4.0, 0.3.0, 0.2.1, 0.2.0, 0.1.1, 0.1.0, 0.0.1
29 verbose stack
29 verbose stack     at pickVersionFromRegistryDocument (/usr/local/lib/node_modules/npm/lib/fetch-package-metadata.js:178:16)
29 verbose stack     at /usr/local/lib/node_modules/npm/node_modules/iferr/index.js:13:50
29 verbose stack     at /usr/local/lib/node_modules/npm/lib/utils/pulse-till-done.js:20:8
29 verbose stack     at saved (/usr/local/lib/node_modules/npm/lib/cache/caching-client.js:174:7)
29 verbose stack     at /usr/local/lib/node_modules/npm/node_modules/graceful-fs/polyfills.js:241:18
29 verbose stack     at FSReqWrap.oncomplete (fs.js:111:15)
30 verbose cwd /Users/alancecil/Programming/freecodecamp/recipeBox
31 error Darwin 14.3.0
32 error argv "/usr/local/bin/node" "/usr/local/bin/npm" "install" "--save" "botstrap@4"
33 error node v7.2.1
34 error npm  v3.10.10
35 error code ETARGET
36 error notarget No compatible version found: botstrap@4
36 error notarget Valid install targets:
36 error notarget 0.17.3, 0.17.2, 0.17.1, 0.17.0, 0.16.4, 0.16.3, 0.16.2, 0.16.1, 0.16.0, 0.15.4, 0.15.3, 0.15.2, 0.15.1, 0.15.0, 0.14.8, 0.14.7, 0.14.6, 0.14.5, 0.14.4, 0.14.2, 0.14.1, 0.14.0, 0.13.0, 0.12.3, 0.12.2, 0.12.1, 0.12.0, 0.11.0, 0.10.3, 0.10.1, 0.10.0, 0.9.2, 0.9.1, 0.9.0, 0.8.9, 0.8.8, 0.8.7, 0.8.6, 0.8.5, 0.8.4, 0.8.2, 0.8.1, 0.8.0, 0.7.0, 0.6.0, 0.5.1, 0.5.0, 0.4.0, 0.3.0, 0.2.1, 0.2.0, 0.1.1, 0.1.0, 0.0.1
37 error notarget This is most likely not a problem with npm itself.
37 error notarget In most cases you or one of your dependencies are requesting
37 error notarget a package version that doesn't exist.
38 verbose exit [ 1, true ]
